-------------------------------------------------------------------------------
Test set: com.exercise.apis.SampleRestApisApplicationTests
-------------------------------------------------------------------------------
Tests run: 1, Failures: 0, Errors: 1, Skipped: 0, Time elapsed: 0.36 s <<< FAILURE! - in com.exercise.apis.SampleRestApisApplicationTests
initializationError(com.exercise.apis.SampleRestApisApplicationTests)  Time elapsed: 0.007 s  <<< ERROR!
java.lang.IllegalStateException: Unable to find a @SpringBootConfiguration, you need to use @ContextConfiguration or @SpringBootTest(classes=...) with your test

