<?xml version="1.0" encoding="UTF-8"?>
<testsuite xmlns:xsi="http://www.w3.org/2001/XMLSchema-instance" xsi:noNamespaceSchemaLocation="https://maven.apache.org/surefire/maven-surefire-plugin/xsd/surefire-test-report.xsd" name="com.exercise.apis.SampleRestApisApplicationTests" time="0.36" tests="1" errors="1" skipped="0" failures="0">
  <properties>
[...]
</properties>
  <testcase name="initializationError" classname="com.exercise.apis.SampleRestApisApplicationTests" time="0.007">
    <error message="Unable to find a @SpringBootConfiguration, you need to use @ContextConfiguration or @SpringBootTest(classes=...) with your test" type="java.lang.IllegalStateException">java.lang.IllegalStateException: Unable to find a @SpringBootConfiguration, you need to use @ContextConfiguration or @SpringBootTest(classes=...) with your test
</error>
    <system-out><![CDATA[14:01:24.319 [main] DEBUG org.springframework.test.context.junit4.SpringJUnit4ClassRunner - SpringJUnit4ClassRunner constructor called with [class com.exercise.apis.SampleRestApisApplicationTests]
14:01:24.323 [main] DEBUG org.springframework.test.context.BootstrapUtils - Instantiating CacheAwareContextLoaderDelegate from class [org.springframework.test.context.cache.DefaultCacheAwareContextLoaderDelegate]
14:01:24.328 [main] DEBUG org.springframework.test.context.BootstrapUtils - Instantiating BootstrapContext using constructor [public org.springframework.test.context.support.DefaultBootstrapContext(java.lang.Class,org.springframework.test.context.CacheAwareContextLoaderDelegate)]
14:01:24.343 [main] DEBUG org.springframework.test.context.BootstrapUtils - Instantiating TestContextBootstrapper for test class [com.exercise.apis.SampleRestApisApplicationTests] from class [org.springframework.boot.test.context.SpringBootTestContextBootstrapper]
14:01:24.355 [main] INFO org.springframework.boot.test.context.SpringBootTestContextBootstrapper - Neither @ContextConfiguration nor @ContextHierarchy found for test class [com.exercise.apis.SampleRestApisApplicationTests], using SpringBootContextLoader
14:01:24.357 [main] DEBUG org.springframework.test.context.support.AbstractContextLoader - Did not detect default resource location for test class [com.exercise.apis.SampleRestApisApplicationTests]: class path resource [com/exercise/apis/SampleRestApisApplicationTests-context.xml] does not exist
14:01:24.358 [main] DEBUG org.springframework.test.context.support.AbstractContextLoader - Did not detect default resource location for test class [com.exercise.apis.SampleRestApisApplicationTests]: class path resource [com/exercise/apis/SampleRestApisApplicationTestsContext.groovy] does not exist
14:01:24.358 [main] INFO org.springframework.test.context.support.AbstractContextLoader - Could not detect default resource locations for test class [com.exercise.apis.SampleRestApisApplicationTests]: no resource found for suffixes {-context.xml, Context.groovy}.
14:01:24.359 [main] INFO org.springframework.test.context.support.AnnotationConfigContextLoaderUtils - Could not detect default configuration classes for test class [com.exercise.apis.SampleRestApisApplicationTests]: SampleRestApisApplicationTests does not declare any static, non-private, non-final, nested classes annotated with @Configuration.
14:01:24.407 [main] DEBUG org.springframework.test.context.support.ActiveProfilesUtils - Could not find an 'annotation declaring class' for annotation type [org.springframework.test.context.ActiveProfiles] and class [com.exercise.apis.SampleRestApisApplicationTests]
14:01:24.415 [main] DEBUG org.springframework.core.env.StandardEnvironment - Adding PropertySource 'systemProperties' with lowest search precedence
14:01:24.416 [main] DEBUG org.springframework.core.env.StandardEnvironment - Adding PropertySource 'systemEnvironment' with lowest search precedence
14:01:24.426 [main] DEBUG org.springframework.core.env.StandardEnvironment - Initialized StandardEnvironment with PropertySources [MapPropertySource@1031061344 {name='systemProperties', properties={java.specification.version=13, sun.jnu.encoding=UTF-8, java.class.path=/Users/philruff/projects/github/paruff/lcneie/service/target/test-classes:/Users/philruff/projects/github/paruff/lcneie/service/target/classes:/Users/philruff/.m2/repository/org/springframework/boot/spring-boot-starter-web/2.0.6.RELEASE/spring-boot-starter-web-2.0.6.RELEASE.jar:/Users/philruff/.m2/repository/org/springframework/boot/spring-boot-starter/2.0.6.RELEASE/spring-boot-starter-2.0.6.RELEASE.jar:/Users/philruff/.m2/repository/org/springframework/boot/spring-boot/2.0.6.RELEASE/spring-boot-2.0.6.RELEASE.jar:/Users/philruff/.m2/repository/org/springframework/boot/spring-boot-autoconfigure/2.0.6.RELEASE/spring-boot-autoconfigure-2.0.6.RELEASE.jar:/Users/philruff/.m2/repository/org/springframework/boot/spring-boot-starter-logging/2.0.6.RELEASE/spring-boot-starter-logging-2.0.6.RELEASE.jar:/Users/philruff/.m2/repository/ch/qos/logback/logback-classic/1.2.3/logback-classic-1.2.3.jar:/Users/philruff/.m2/repository/ch/qos/logback/logback-core/1.2.3/logback-core-1.2.3.jar:/Users/philruff/.m2/repository/org/apache/logging/log4j/log4j-to-slf4j/2.10.0/log4j-to-slf4j-2.10.0.jar:/Users/philruff/.m2/repository/org/apache/logging/log4j/log4j-api/2.10.0/log4j-api-2.10.0.jar:/Users/philruff/.m2/repository/org/slf4j/jul-to-slf4j/1.7.25/jul-to-slf4j-1.7.25.jar:/Users/philruff/.m2/repository/javax/annotation/javax.annotation-api/1.3.2/javax.annotation-api-1.3.2.jar:/Users/philruff/.m2/repository/org/yaml/snakeyaml/1.19/snakeyaml-1.19.jar:/Users/philruff/.m2/repository/org/springframework/boot/spring-boot-starter-json/2.0.6.RELEASE/spring-boot-starter-json-2.0.6.RELEASE.jar:/Users/philruff/.m2/repository/com/fasterxml/jackson/core/jackson-databind/2.9.7/jackson-databind-2.9.7.jar:/Users/philruff/.m2/repository/com/fasterxml/jackson/core/jackson-annotations/2.9.0/jackson-annotations-2.9.0.jar:/Users/philruff/.m2/repository/com/fasterxml/jackson/core/jackson-core/2.9.7/jackson-core-2.9.7.jar:/Users/philruff/.m2/repository/com/fasterxml/jackson/datatype/jackson-datatype-jdk8/2.9.7/jackson-datatype-jdk8-2.9.7.jar:/Users/philruff/.m2/repository/com/fasterxml/jackson/datatype/jackson-datatype-jsr310/2.9.7/jackson-datatype-jsr310-2.9.7.jar:/Users/philruff/.m2/repository/com/fasterxml/jackson/module/jackson-module-parameter-names/2.9.7/jackson-module-parameter-names-2.9.7.jar:/Users/philruff/.m2/repository/org/springframework/boot/spring-boot-starter-tomcat/2.0.6.RELEASE/spring-boot-starter-tomcat-2.0.6.RELEASE.jar:/Users/philruff/.m2/repository/org/apache/tomcat/embed/tomcat-embed-core/8.5.34/tomcat-embed-core-8.5.34.jar:/Users/philruff/.m2/repository/org/apache/tomcat/embed/tomcat-embed-el/8.5.34/tomcat-embed-el-8.5.34.jar:/Users/philruff/.m2/repository/org/apache/tomcat/embed/tomcat-embed-websocket/8.5.34/tomcat-embed-websocket-8.5.34.jar:/Users/philruff/.m2/repository/org/hibernate/validator/hibernate-validator/6.0.13.Final/hibernate-validator-6.0.13.Final.jar:/Users/philruff/.m2/repository/javax/validation/validation-api/2.0.1.Final/validation-api-2.0.1.Final.jar:/Users/philruff/.m2/repository/org/jboss/logging/jboss-logging/3.3.2.Final/jboss-logging-3.3.2.Final.jar:/Users/philruff/.m2/repository/com/fasterxml/classmate/1.3.4/classmate-1.3.4.jar:/Users/philruff/.m2/repository/org/springframework/spring-web/5.0.10.RELEASE/spring-web-5.0.10.RELEASE.jar:/Users/philruff/.m2/repository/org/springframework/spring-beans/5.0.10.RELEASE/spring-beans-5.0.10.RELEASE.jar:/Users/philruff/.m2/repository/org/springframework/spring-webmvc/5.0.10.RELEASE/spring-webmvc-5.0.10.RELEASE.jar:/Users/philruff/.m2/repository/org/springframework/spring-aop/5.0.10.RELEASE/spring-aop-5.0.10.RELEASE.jar:/Users/philruff/.m2/repository/org/springframework/spring-context/5.0.10.RELEASE/spring-context-5.0.10.RELEASE.jar:/Users/philruff/.m2/repository/org/springframework/spring-expression/5.0.10.RELEASE/spring-expression-5.0.10.RELEASE.jar:/Users/philruff/.m2/repository/org/springframework/boot/spring-boot-starter-test/2.0.6.RELEASE/spring-boot-starter-test-2.0.6.RELEASE.jar:/Users/philruff/.m2/repository/org/springframework/boot/spring-boot-test/2.0.6.RELEASE/spring-boot-test-2.0.6.RELEASE.jar:/Users/philruff/.m2/repository/org/springframework/boot/spring-boot-test-autoconfigure/2.0.6.RELEASE/spring-boot-test-autoconfigure-2.0.6.RELEASE.jar:/Users/philruff/.m2/repository/com/jayway/jsonpath/json-path/2.4.0/json-path-2.4.0.jar:/Users/philruff/.m2/repository/net/minidev/json-smart/2.3/json-smart-2.3.jar:/Users/philruff/.m2/repository/net/minidev/accessors-smart/1.2/accessors-smart-1.2.jar:/Users/philruff/.m2/repository/org/ow2/asm/asm/5.0.4/asm-5.0.4.jar:/Users/philruff/.m2/repository/org/slf4j/slf4j-api/1.7.25/slf4j-api-1.7.25.jar:/Users/philruff/.m2/repository/junit/junit/4.12/junit-4.12.jar:/Users/philruff/.m2/repository/org/assertj/assertj-core/3.9.1/assertj-core-3.9.1.jar:/Users/philruff/.m2/repository/org/mockito/mockito-core/2.15.0/mockito-core-2.15.0.jar:/Users/philruff/.m2/repository/net/bytebuddy/byte-buddy/1.7.11/byte-buddy-1.7.11.jar:/Users/philruff/.m2/repository/net/bytebuddy/byte-buddy-agent/1.7.11/byte-buddy-agent-1.7.11.jar:/Users/philruff/.m2/repository/org/objenesis/objenesis/2.6/objenesis-2.6.jar:/Users/philruff/.m2/repository/org/hamcrest/hamcrest-core/1.3/hamcrest-core-1.3.jar:/Users/philruff/.m2/repository/org/hamcrest/hamcrest-library/1.3/hamcrest-library-1.3.jar:/Users/philruff/.m2/repository/org/skyscreamer/jsonassert/1.5.0/jsonassert-1.5.0.jar:/Users/philruff/.m2/repository/com/vaadin/external/google/android-json/0.0.20131108.vaadin1/android-json-0.0.20131108.vaadin1.jar:/Users/philruff/.m2/repository/org/springframework/spring-core/5.0.10.RELEASE/spring-core-5.0.10.RELEASE.jar:/Users/philruff/.m2/repository/org/springframework/spring-jcl/5.0.10.RELEASE/spring-jcl-5.0.10.RELEASE.jar:/Users/philruff/.m2/repository/org/springframework/spring-test/5.0.10.RELEASE/spring-test-5.0.10.RELEASE.jar:/Users/philruff/.m2/repository/org/xmlunit/xmlunit-core/2.5.1/xmlunit-core-2.5.1.jar:, java.vm.vendor=Oracle Corporation, sun.arch.data.model=64, java.vendor.url=https://openjdk.java.net/, user.timezone=America/New_York, java.vm.specification.version=13, os.name=Mac OS X, sun.java.launcher=SUN_STANDARD, user.country=US, sun.boot.library.path=/usr/local/Cellar/openjdk/13.0.2+8_2/libexec/openjdk.jdk/Contents/Home/lib, sun.java.command=/Users/philruff/projects/github/paruff/lcneie/service/target/surefire/surefirebooter16675626769206215371.jar /Users/philruff/projects/github/paruff/lcneie/service/target/surefire 2021-05-11T14-01-23_218-jvmRun1 surefire18065278246315663784tmp surefire_03136517983675205711tmp, http.nonProxyHosts=local|*.local|169.254/16|*.169.254/16, jdk.debug=release, surefire.test.class.path=/Users/philruff/projects/github/paruff/lcneie/service/target/test-classes:/Users/philruff/projects/github/paruff/lcneie/service/target/classes:/Users/philruff/.m2/repository/org/springframework/boot/spring-boot-starter-web/2.0.6.RELEASE/spring-boot-starter-web-2.0.6.RELEASE.jar:/Users/philruff/.m2/repository/org/springframework/boot/spring-boot-starter/2.0.6.RELEASE/spring-boot-starter-2.0.6.RELEASE.jar:/Users/philruff/.m2/repository/org/springframework/boot/spring-boot/2.0.6.RELEASE/spring-boot-2.0.6.RELEASE.jar:/Users/philruff/.m2/repository/org/springframework/boot/spring-boot-autoconfigure/2.0.6.RELEASE/spring-boot-autoconfigure-2.0.6.RELEASE.jar:/Users/philruff/.m2/repository/org/springframework/boot/spring-boot-starter-logging/2.0.6.RELEASE/spring-boot-starter-logging-2.0.6.RELEASE.jar:/Users/philruff/.m2/repository/ch/qos/logback/logback-classic/1.2.3/logback-classic-1.2.3.jar:/Users/philruff/.m2/repository/ch/qos/logback/logback-core/1.2.3/logback-core-1.2.3.jar:/Users/philruff/.m2/repository/org/apache/logging/log4j/log4j-to-slf4j/2.10.0/log4j-to-slf4j-2.10.0.jar:/Users/philruff/.m2/repository/org/apache/logging/log4j/log4j-api/2.10.0/log4j-api-2.10.0.jar:/Users/philruff/.m2/repository/org/slf4j/jul-to-slf4j/1.7.25/jul-to-slf4j-1.7.25.jar:/Users/philruff/.m2/repository/javax/annotation/javax.annotation-api/1.3.2/javax.annotation-api-1.3.2.jar:/Users/philruff/.m2/repository/org/yaml/snakeyaml/1.19/snakeyaml-1.19.jar:/Users/philruff/.m2/repository/org/springframework/boot/spring-boot-starter-json/2.0.6.RELEASE/spring-boot-starter-json-2.0.6.RELEASE.jar:/Users/philruff/.m2/repository/com/fasterxml/jackson/core/jackson-databind/2.9.7/jackson-databind-2.9.7.jar:/Users/philruff/.m2/repository/com/fasterxml/jackson/core/jackson-annotations/2.9.0/jackson-annotations-2.9.0.jar:/Users/philruff/.m2/repository/com/fasterxml/jackson/core/jackson-core/2.9.7/jackson-core-2.9.7.jar:/Users/philruff/.m2/repository/com/fasterxml/jackson/datatype/jackson-datatype-jdk8/2.9.7/jackson-datatype-jdk8-2.9.7.jar:/Users/philruff/.m2/repository/com/fasterxml/jackson/datatype/jackson-datatype-jsr310/2.9.7/jackson-datatype-jsr310-2.9.7.jar:/Users/philruff/.m2/repository/com/fasterxml/jackson/module/jackson-module-parameter-names/2.9.7/jackson-module-parameter-names-2.9.7.jar:/Users/philruff/.m2/repository/org/springframework/boot/spring-boot-starter-tomcat/2.0.6.RELEASE/spring-boot-starter-tomcat-2.0.6.RELEASE.jar:/Users/philruff/.m2/repository/org/apache/tomcat/embed/tomcat-embed-core/8.5.34/tomcat-embed-core-8.5.34.jar:/Users/philruff/.m2/repository/org/apache/tomcat/embed/tomcat-embed-el/8.5.34/tomcat-embed-el-8.5.34.jar:/Users/philruff/.m2/repository/org/apache/tomcat/embed/tomcat-embed-websocket/8.5.34/tomcat-embed-websocket-8.5.34.jar:/Users/philruff/.m2/repository/org/hibernate/validator/hibernate-validator/6.0.13.Final/hibernate-validator-6.0.13.Final.jar:/Users/philruff/.m2/repository/javax/validation/validation-api/2.0.1.Final/validation-api-2.0.1.Final.jar:/Users/philruff/.m2/repository/org/jboss/logging/jboss-logging/3.3.2.Final/jboss-logging-3.3.2.Final.jar:/Users/philruff/.m2/repository/com/fasterxml/classmate/1.3.4/classmate-1.3.4.jar:/Users/philruff/.m2/repository/org/springframework/spring-web/5.0.10.RELEASE/spring-web-5.0.10.RELEASE.jar:/Users/philruff/.m2/repository/org/springframework/spring-beans/5.0.10.RELEASE/spring-beans-5.0.10.RELEASE.jar:/Users/philruff/.m2/repository/org/springframework/spring-webmvc/5.0.10.RELEASE/spring-webmvc-5.0.10.RELEASE.jar:/Users/philruff/.m2/repository/org/springframework/spring-aop/5.0.10.RELEASE/spring-aop-5.0.10.RELEASE.jar:/Users/philruff/.m2/repository/org/springframework/spring-context/5.0.10.RELEASE/spring-context-5.0.10.RELEASE.jar:/Users/philruff/.m2/repository/org/springframework/spring-expression/5.0.10.RELEASE/spring-expression-5.0.10.RELEASE.jar:/Users/philruff/.m2/repository/org/springframework/boot/spring-boot-starter-test/2.0.6.RELEASE/spring-boot-starter-test-2.0.6.RELEASE.jar:/Users/philruff/.m2/repository/org/springframework/boot/spring-boot-test/2.0.6.RELEASE/spring-boot-test-2.0.6.RELEASE.jar:/Users/philruff/.m2/repository/org/springframework/boot/spring-boot-test-autoconfigure/2.0.6.RELEASE/spring-boot-test-autoconfigure-2.0.6.RELEASE.jar:/Users/philruff/.m2/repository/com/jayway/jsonpath/json-path/2.4.0/json-path-2.4.0.jar:/Users/philruff/.m2/repository/net/minidev/json-smart/2.3/json-smart-2.3.jar:/Users/philruff/.m2/repository/net/minidev/accessors-smart/1.2/accessors-smart-1.2.jar:/Users/philruff/.m2/repository/org/ow2/asm/asm/5.0.4/asm-5.0.4.jar:/Users/philruff/.m2/repository/org/slf4j/slf4j-api/1.7.25/slf4j-api-1.7.25.jar:/Users/philruff/.m2/repository/junit/junit/4.12/junit-4.12.jar:/Users/philruff/.m2/repository/org/assertj/assertj-core/3.9.1/assertj-core-3.9.1.jar:/Users/philruff/.m2/repository/org/mockito/mockito-core/2.15.0/mockito-core-2.15.0.jar:/Users/philruff/.m2/repository/net/bytebuddy/byte-buddy/1.7.11/byte-buddy-1.7.11.jar:/Users/philruff/.m2/repository/net/bytebuddy/byte-buddy-agent/1.7.11/byte-buddy-agent-1.7.11.jar:/Users/philruff/.m2/repository/org/objenesis/objenesis/2.6/objenesis-2.6.jar:/Users/philruff/.m2/repository/org/hamcrest/hamcrest-core/1.3/hamcrest-core-1.3.jar:/Users/philruff/.m2/repository/org/hamcrest/hamcrest-library/1.3/hamcrest-library-1.3.jar:/Users/philruff/.m2/repository/org/skyscreamer/jsonassert/1.5.0/jsonassert-1.5.0.jar:/Users/philruff/.m2/repository/com/vaadin/external/google/android-json/0.0.20131108.vaadin1/android-json-0.0.20131108.vaadin1.jar:/Users/philruff/.m2/repository/org/springframework/spring-core/5.0.10.RELEASE/spring-core-5.0.10.RELEASE.jar:/Users/philruff/.m2/repository/org/springframework/spring-jcl/5.0.10.RELEASE/spring-jcl-5.0.10.RELEASE.jar:/Users/philruff/.m2/repository/org/springframework/spring-test/5.0.10.RELEASE/spring-test-5.0.10.RELEASE.jar:/Users/philruff/.m2/repository/org/xmlunit/xmlunit-core/2.5.1/xmlunit-core-2.5.1.jar:, sun.cpu.endian=little, user.home=/Users/philruff, user.language=en, java.specification.vendor=Oracle Corporation, java.version.date=2020-01-14, java.home=/usr/local/Cellar/openjdk/13.0.2+8_2/libexec/openjdk.jdk/Contents/Home, file.separator=/, basedir=/Users/philruff/projects/github/paruff/lcneie/service, java.vm.compressedOopsMode=Zero based, line.separator=
, java.vm.specification.vendor=Oracle Corporation, java.specification.name=Java Platform API Specification, surefire.real.class.path=/Users/philruff/projects/github/paruff/lcneie/service/target/surefire/surefirebooter16675626769206215371.jar, sun.management.compiler=HotSpot 64-Bit Tiered Compilers, ftp.nonProxyHosts=local|*.local|169.254/16|*.169.254/16, java.runtime.version=13.0.2+8, user.name=philruff, path.separator=:, os.version=10.16, java.runtime.name=OpenJDK Runtime Environment, file.encoding=UTF-8, java.vm.name=OpenJDK 64-Bit Server VM, localRepository=/Users/philruff/.m2/repository, java.vendor.url.bug=https://bugreport.java.com/bugreport/, java.io.tmpdir=/var/folders/tr/0vnbwsg50299j21x9d8t14bw0000gn/T/, java.version=13.0.2, user.dir=/Users/philruff/projects/github/paruff/lcneie/service, os.arch=x86_64, java.vm.specification.name=Java Virtual Machine Specification, java.library.path=/Users/philruff/Library/Java/Extensions:/Library/Java/Extensions:/Network/Library/Java/Extensions:/System/Library/Java/Extensions:/usr/lib/java:., java.vm.info=mixed mode, sharing, java.vendor=N/A, java.vm.version=13.0.2+8, sun.io.unicode.encoding=UnicodeBig, socksNonProxyHosts=local|*.local|169.254/16|*.169.254/16, java.class.version=57.0}}, SystemEnvironmentPropertySource@1327536153 {name='systemEnvironment', properties={PATH=/usr/local/opt/openjdk/bin:/usr/local/bin:/usr/bin:/bin:/usr/sbin:/sbin:/usr/local/opt/openjdk/bin, JAVA_MAIN_CLASS_62572=org.apache.maven.surefire.booter.ForkedBooter, JAVA_MAIN_CLASS_62550=org.codehaus.plexus.classworlds.launcher.Launcher, JAVA_HOME=/usr/local/opt/openjdk, TERM=xterm-256color, LANG=en_US.UTF-8, VSCODE_GIT_IPC_HANDLE=/var/folders/tr/0vnbwsg50299j21x9d8t14bw0000gn/T/vscode-git-3e21842ace.sock, COMMAND_MODE=unix2003, VSCODE_GIT_ASKPASS_MAIN=/Applications/Visual Studio Code.app/Contents/Resources/app/extensions/git/dist/askpass-main.js, COLORTERM=truecolor, LOGNAME=philruff, VSCODE_GIT_ASKPASS_NODE=/Applications/Visual Studio Code.app/Contents/Frameworks/Code Helper (Renderer).app/Contents/MacOS/Code Helper (Renderer), XPC_SERVICE_NAME=0, PWD=/Users/philruff/projects/github/paruff/lcneie/service, TERM_PROGRAM_VERSION=1.56.0, GIT_ASKPASS=/Applications/Visual Studio Code.app/Contents/Resources/app/extensions/git/dist/askpass.sh, MAVEN_CMD_LINE_ARGS= clean package, _=/usr/local/Cellar/openjdk/13.0.2+8_2/libexec/openjdk.jdk/Contents/Home/bin/java, __CFBundleIdentifier=com.microsoft.VSCode, SHELL=/bin/zsh, TERM_PROGRAM=vscode, MAVEN_PROJECTBASEDIR=/Users/philruff/projects/github/paruff/lcneie/service, OLDPWD=/Users/philruff/projects/github/paruff/lcneie/service, USER=philruff, TMPDIR=/var/folders/tr/0vnbwsg50299j21x9d8t14bw0000gn/T/, ORIGINAL_XDG_CURRENT_DESKTOP=undefined, SSH_AUTH_SOCK=/private/tmp/com.apple.launchd.IU8mIEzFO4/Listeners, XPC_FLAGS=0x0, __CF_USER_TEXT_ENCODING=0x1F5:0x0:0x0, SHLVL=2, HOME=/Users/philruff}}]
14:01:24.451 [main] DEBUG org.springframework.core.io.support.PathMatchingResourcePatternResolver - Resolved classpath location [com/exercise/apis/] to resources [URL [file:/Users/philruff/projects/github/paruff/lcneie/service/target/test-classes/com/exercise/apis/], URL [file:/Users/philruff/projects/github/paruff/lcneie/service/target/classes/com/exercise/apis/]]
14:01:24.452 [main] DEBUG org.springframework.core.io.support.PathMatchingResourcePatternResolver - Looking for matching resources in directory tree [/Users/philruff/projects/github/paruff/lcneie/service/target/test-classes/com/exercise/apis]
14:01:24.453 [main] DEBUG org.springframework.core.io.support.PathMatchingResourcePatternResolver - Searching directory [/Users/philruff/projects/github/paruff/lcneie/service/target/test-classes/com/exercise/apis] for files matching pattern [/Users/philruff/projects/github/paruff/lcneie/service/target/test-classes/com/exercise/apis/*.class]
14:01:24.458 [main] DEBUG org.springframework.core.io.support.PathMatchingResourcePatternResolver - Looking for matching resources in directory tree [/Users/philruff/projects/github/paruff/lcneie/service/target/classes/com/exercise/apis]
14:01:24.458 [main] DEBUG org.springframework.core.io.support.PathMatchingResourcePatternResolver - Searching directory [/Users/philruff/projects/github/paruff/lcneie/service/target/classes/com/exercise/apis] for files matching pattern [/Users/philruff/projects/github/paruff/lcneie/service/target/classes/com/exercise/apis/*.class]
14:01:24.459 [main] DEBUG org.springframework.core.io.support.PathMatchingResourcePatternResolver - Resolved location pattern [classpath*:com/exercise/apis/*.class] to resources [file [/Users/philruff/projects/github/paruff/lcneie/service/target/test-classes/com/exercise/apis/SampleRestApisApplicationTests.class]]
14:01:24.497 [main] DEBUG org.springframework.core.io.support.PathMatchingResourcePatternResolver - Resolved classpath location [com/exercise/] to resources [URL [file:/Users/philruff/projects/github/paruff/lcneie/service/target/test-classes/com/exercise/], URL [file:/Users/philruff/projects/github/paruff/lcneie/service/target/classes/com/exercise/]]
14:01:24.498 [main] DEBUG org.springframework.core.io.support.PathMatchingResourcePatternResolver - Looking for matching resources in directory tree [/Users/philruff/projects/github/paruff/lcneie/service/target/test-classes/com/exercise]
14:01:24.498 [main] DEBUG org.springframework.core.io.support.PathMatchingResourcePatternResolver - Searching directory [/Users/philruff/projects/github/paruff/lcneie/service/target/test-classes/com/exercise] for files matching pattern [/Users/philruff/projects/github/paruff/lcneie/service/target/test-classes/com/exercise/*.class]
14:01:24.498 [main] DEBUG org.springframework.core.io.support.PathMatchingResourcePatternResolver - Looking for matching resources in directory tree [/Users/philruff/projects/github/paruff/lcneie/service/target/classes/com/exercise]
14:01:24.499 [main] DEBUG org.springframework.core.io.support.PathMatchingResourcePatternResolver - Searching directory [/Users/philruff/projects/github/paruff/lcneie/service/target/classes/com/exercise] for files matching pattern [/Users/philruff/projects/github/paruff/lcneie/service/target/classes/com/exercise/*.class]
14:01:24.499 [main] DEBUG org.springframework.core.io.support.PathMatchingResourcePatternResolver - Resolved location pattern [classpath*:com/exercise/*.class] to resources []
14:01:24.501 [main] DEBUG org.springframework.core.io.support.PathMatchingResourcePatternResolver - Resolved classpath location [com/] to resources [URL [file:/Users/philruff/projects/github/paruff/lcneie/service/target/test-classes/com/], URL [file:/Users/philruff/projects/github/paruff/lcneie/service/target/classes/com/], URL [jar:file:/Users/philruff/.m2/repository/com/fasterxml/jackson/core/jackson-databind/2.9.7/jackson-databind-2.9.7.jar!/com/], URL [jar:file:/Users/philruff/.m2/repository/com/fasterxml/jackson/core/jackson-annotations/2.9.0/jackson-annotations-2.9.0.jar!/com/], URL [jar:file:/Users/philruff/.m2/repository/com/fasterxml/jackson/core/jackson-core/2.9.7/jackson-core-2.9.7.jar!/com/], URL [jar:file:/Users/philruff/.m2/repository/com/fasterxml/jackson/datatype/jackson-datatype-jdk8/2.9.7/jackson-datatype-jdk8-2.9.7.jar!/com/], URL [jar:file:/Users/philruff/.m2/repository/com/fasterxml/jackson/datatype/jackson-datatype-jsr310/2.9.7/jackson-datatype-jsr310-2.9.7.jar!/com/], URL [jar:file:/Users/philruff/.m2/repository/com/fasterxml/jackson/module/jackson-module-parameter-names/2.9.7/jackson-module-parameter-names-2.9.7.jar!/com/], URL [jar:file:/Users/philruff/.m2/repository/com/fasterxml/classmate/1.3.4/classmate-1.3.4.jar!/com/], URL [jar:file:/Users/philruff/.m2/repository/com/jayway/jsonpath/json-path/2.4.0/json-path-2.4.0.jar!/com/]]
14:01:24.501 [main] DEBUG org.springframework.core.io.support.PathMatchingResourcePatternResolver - Looking for matching resources in directory tree [/Users/philruff/projects/github/paruff/lcneie/service/target/test-classes/com]
14:01:24.502 [main] DEBUG org.springframework.core.io.support.PathMatchingResourcePatternResolver - Searching directory [/Users/philruff/projects/github/paruff/lcneie/service/target/test-classes/com] for files matching pattern [/Users/philruff/projects/github/paruff/lcneie/service/target/test-classes/com/*.class]
14:01:24.503 [main] DEBUG org.springframework.core.io.support.PathMatchingResourcePatternResolver - Looking for matching resources in directory tree [/Users/philruff/projects/github/paruff/lcneie/service/target/classes/com]
14:01:24.505 [main] DEBUG org.springframework.core.io.support.PathMatchingResourcePatternResolver - Searching directory [/Users/philruff/projects/github/paruff/lcneie/service/target/classes/com] for files matching pattern [/Users/philruff/projects/github/paruff/lcneie/service/target/classes/com/*.class]
14:01:24.508 [main] DEBUG org.springframework.core.io.support.PathMatchingResourcePatternResolver - Looking for matching resources in jar file [file:/Users/philruff/.m2/repository/com/fasterxml/jackson/core/jackson-databind/2.9.7/jackson-databind-2.9.7.jar]
14:01:24.523 [main] DEBUG org.springframework.core.io.support.PathMatchingResourcePatternResolver - Looking for matching resources in jar file [file:/Users/philruff/.m2/repository/com/fasterxml/jackson/core/jackson-annotations/2.9.0/jackson-annotations-2.9.0.jar]
14:01:24.524 [main] DEBUG org.springframework.core.io.support.PathMatchingResourcePatternResolver - Looking for matching resources in jar file [file:/Users/philruff/.m2/repository/com/fasterxml/jackson/core/jackson-core/2.9.7/jackson-core-2.9.7.jar]
14:01:24.525 [main] DEBUG org.springframework.core.io.support.PathMatchingResourcePatternResolver - Looking for matching resources in jar file [file:/Users/philruff/.m2/repository/com/fasterxml/jackson/datatype/jackson-datatype-jdk8/2.9.7/jackson-datatype-jdk8-2.9.7.jar]
14:01:24.525 [main] DEBUG org.springframework.core.io.support.PathMatchingResourcePatternResolver - Looking for matching resources in jar file [file:/Users/philruff/.m2/repository/com/fasterxml/jackson/datatype/jackson-datatype-jsr310/2.9.7/jackson-datatype-jsr310-2.9.7.jar]
14:01:24.526 [main] DEBUG org.springframework.core.io.support.PathMatchingResourcePatternResolver - Looking for matching resources in jar file [file:/Users/philruff/.m2/repository/com/fasterxml/jackson/module/jackson-module-parameter-names/2.9.7/jackson-module-parameter-names-2.9.7.jar]
14:01:24.526 [main] DEBUG org.springframework.core.io.support.PathMatchingResourcePatternResolver - Looking for matching resources in jar file [file:/Users/philruff/.m2/repository/com/fasterxml/classmate/1.3.4/classmate-1.3.4.jar]
14:01:24.527 [main] DEBUG org.springframework.core.io.support.PathMatchingResourcePatternResolver - Looking for matching resources in jar file [file:/Users/philruff/.m2/repository/com/jayway/jsonpath/json-path/2.4.0/json-path-2.4.0.jar]
14:01:24.528 [main] DEBUG org.springframework.core.io.support.PathMatchingResourcePatternResolver - Resolved location pattern [classpath*:com/*.class] to resources []
]]></system-out>
  </testcase>
</testsuite>